Arguments: 
  /Users/eletallieur/.nvm/versions/node/v16.15.1/bin/node /Users/eletallieur/.yvm/versions/v1.22.19/bin/yarn.js init

PATH: 
  /Users/eletallieur/.yvm/shim:/Users/eletallieur/.sdkman/candidates/sbt/current/bin:/Users/eletallieur/.sdkman/candidates/java/current/bin:/Users/eletallieur/.nvm/versions/node/v16.15.1/bin:/Users/eletallieur/.cargo/bin:/usr/local/bin:/usr/bin:/bin:/usr/sbin:/sbin:/Applications/Postgres.app/Contents/Versions/latest/bin

Yarn version: 
  1.22.19

Node version: 
  16.15.1

Platform: 
  darwin x64

Trace: 
  Error: canceled
      at Interface.<anonymous> (/Users/eletallieur/.yvm/versions/v1.22.19/lib/cli.js:137150:13)
      at Interface.emit (node:events:527:28)
      at Interface._ttyWrite (node:readline:1081:16)
      at ReadStream.onkeypress (node:readline:288:10)
      at ReadStream.emit (node:events:527:28)
      at emitKeys (node:internal/readline/utils:358:14)
      at emitKeys.next (<anonymous>)
      at ReadStream.onData (node:internal/readline/emitKeypressEvents:61:36)
      at ReadStream.emit (node:events:527:28)
      at addChunk (node:internal/streams/readable:315:12)

npm manifest: 
  {
    "name": "nosdeputes2-api"
  
  }

yarn manifest: 
  No manifest

Lockfile: 
  No lockfile
